#
# There is insufficient memory for the Java Runtime Environment to continue.
# Native memory allocation (mmap) failed to map 13631488 bytes for G1 virtual space
# Possible reasons:
#   The system is out of physical RAM or swap space
#   The process is running with CompressedOops enabled, and the Java Heap may be blocking the growth of the native heap
# Possible solutions:
#   Reduce memory load on the system
#   Increase physical memory or swap space
#   Check if swap backing store is full
#   Decrease Java heap size (-Xmx/-Xms)
#   Decrease number of Java threads
#   Decrease Java thread stack sizes (-Xss)
#   Set larger code cache with -XX:ReservedCodeCacheSize=
#   JVM is running with Unscaled Compressed Oops mode in which the Java heap is
#     placed in the first 4GB address space. The Java Heap base address is the
#     maximum limit for the native heap growth. Please use -XX:HeapBaseMinAddress
#     to set the Java Heap base and to place the Java Heap above 4GB virtual address.
# This output file may be truncated or incomplete.
#
#  Out of Memory Error (os_windows.cpp:3769), pid=19312, tid=11300
#
# JRE version: OpenJDK Runtime Environment (17.0.6) (build 17.0.6+0-b2043.56-10027231)
# Java VM: OpenJDK 64-Bit Server VM (17.0.6+0-b2043.56-10027231, mixed mode, tiered, compressed oops, compressed class ptrs, g1 gc, windows-amd64)
# No core dump will be written. Minidumps are not enabled by default on client versions of Windows
#

---------------  S U M M A R Y ------------

Command Line: --add-opens=java.base/java.util=ALL-UNNAMED --add-opens=java.base/java.lang=ALL-UNNAMED --add-opens=java.base/java.lang.invoke=ALL-UNNAMED --add-opens=java.prefs/java.util.prefs=ALL-UNNAMED --add-opens=java.base/java.nio.charset=ALL-UNNAMED --add-opens=java.base/java.net=ALL-UNNAMED --add-opens=java.base/java.util.concurrent.atomic=ALL-UNNAMED -Xmx2048m -Dfile.encoding=UTF-8 -Duser.country=US -Duser.language=en -Duser.variant org.gradle.launcher.daemon.bootstrap.GradleDaemon 8.0

Host: AMD Ryzen 5 4600H with Radeon Graphics         , 12 cores, 7G,  Windows 11 , 64 bit Build 22621 (10.0.22621.2215)
Time: Fri Sep 22 16:29:06 2023 SE Asia Standard Time elapsed time: 9.601150 seconds (0d 0h 0m 9s)

---------------  T H R E A D  ---------------

Current thread (0x0000024d9d0b8c00):  VMThread "VM Thread" [stack: 0x000000b631500000,0x000000b631600000] [id=11300]

Stack: [0x000000b631500000,0x000000b631600000]
Native frames: (J=compiled Java code, j=interpreted, Vv=VM code, C=native code)
V  [jvm.dll+0x683c9a]
V  [jvm.dll+0x8427a4]
V  [jvm.dll+0x843f9e]
V  [jvm.dll+0x844603]
V  [jvm.dll+0x249b75]
V  [jvm.dll+0x680b69]
V  [jvm.dll+0x67505a]
V  [jvm.dll+0x309acb]
V  [jvm.dll+0x310f86]
V  [jvm.dll+0x3608ee]
V  [jvm.dll+0x360b1f]
V  [jvm.dll+0x2dfbf8]
V  [jvm.dll+0x2ddec4]
V  [jvm.dll+0x2dd4cc]
V  [jvm.dll+0x321f3b]
V  [jvm.dll+0x848ccb]
V  [jvm.dll+0x849a04]
V  [jvm.dll+0x849f1d]
V  [jvm.dll+0x84a2f4]
V  [jvm.dll+0x84a3c0]
V  [jvm.dll+0x7f274a]
V  [jvm.dll+0x682ad5]
C  [ucrtbase.dll+0x29363]
C  [KERNEL32.DLL+0x1257d]
C  [ntdll.dll+0x5aa68]

VM_Operation (0x000000b632cf82a0): G1CollectForAllocation, mode: safepoint, requested by thread 0x0000024d9f6fd470


---------------  P R O C E S S  ---------------

Threads class SMR info:
_java_thread_list=0x0000024da3325ab0, length=40, elements={
0x0000024d83346910, 0x0000024d9e017840, 0x0000024d9e0183f0, 0x0000024d9d0bc870,
0x0000024d9d0bd420, 0x0000024d9d0bded0, 0x0000024d9d0be880, 0x0000024d9e061740,
0x0000024d9e062130, 0x0000024d9e063330, 0x0000024d9e20a060, 0x0000024d9e20c540,
0x0000024d9ed766b0, 0x0000024d9f6fc600, 0x0000024d9f6fbc60, 0x0000024d9f6fcfa0,
0x0000024d9f6fc130, 0x0000024d9f6fcad0, 0x0000024d9f6fd470, 0x0000024da06ed0a0,
0x0000024da06f3f50, 0x0000024da06f30e0, 0x0000024da06f4420, 0x0000024da06efbf0,
0x0000024da06f0590, 0x0000024da06edf10, 0x0000024da06ef720, 0x0000024da06f18d0,
0x0000024da06f35b0, 0x0000024da06f0f30, 0x0000024da06f3a80, 0x0000024da06f1400,
0x0000024da06ee8b0, 0x0000024da06f2740, 0x0000024da06eed80, 0x0000024da06f48f0,
0x0000024da06f00c0, 0x0000024da06eda40, 0x0000024da06ee3e0, 0x0000024da2dea680
}

Java Threads: ( => current thread )
  0x0000024d83346910 JavaThread "main" [_thread_blocked, id=20184, stack(0x000000b630f00000,0x000000b631000000)]
  0x0000024d9e017840 JavaThread "Reference Handler" daemon [_thread_blocked, id=23400, stack(0x000000b631600000,0x000000b631700000)]
  0x0000024d9e0183f0 JavaThread "Finalizer" daemon [_thread_blocked, id=24768, stack(0x000000b631700000,0x000000b631800000)]
  0x0000024d9d0bc870 JavaThread "Signal Dispatcher" daemon [_thread_blocked, id=19708, stack(0x000000b631800000,0x000000b631900000)]
  0x0000024d9d0bd420 JavaThread "Attach Listener" daemon [_thread_blocked, id=27904, stack(0x000000b631900000,0x000000b631a00000)]
  0x0000024d9d0bded0 JavaThread "Service Thread" daemon [_thread_blocked, id=29660, stack(0x000000b631a00000,0x000000b631b00000)]
  0x0000024d9d0be880 JavaThread "Monitor Deflation Thread" daemon [_thread_blocked, id=23604, stack(0x000000b631b00000,0x000000b631c00000)]
  0x0000024d9e061740 JavaThread "C2 CompilerThread0" daemon [_thread_blocked, id=27092, stack(0x000000b631c00000,0x000000b631d00000)]
  0x0000024d9e062130 JavaThread "C1 CompilerThread0" daemon [_thread_blocked, id=22104, stack(0x000000b631d00000,0x000000b631e00000)]
  0x0000024d9e063330 JavaThread "Sweeper thread" daemon [_thread_blocked, id=23268, stack(0x000000b631e00000,0x000000b631f00000)]
  0x0000024d9e20a060 JavaThread "Common-Cleaner" daemon [_thread_blocked, id=27948, stack(0x000000b631f00000,0x000000b632000000)]
  0x0000024d9e20c540 JavaThread "Notification Thread" daemon [_thread_blocked, id=9232, stack(0x000000b632000000,0x000000b632100000)]
  0x0000024d9ed766b0 JavaThread "Daemon health stats" [_thread_blocked, id=20176, stack(0x000000b632700000,0x000000b632800000)]
  0x0000024d9f6fc600 JavaThread "Incoming local TCP Connector on port 53014" [_thread_in_native, id=27428, stack(0x000000b632200000,0x000000b632300000)]
  0x0000024d9f6fbc60 JavaThread "Daemon periodic checks" [_thread_blocked, id=21676, stack(0x000000b632800000,0x000000b632900000)]
  0x0000024d9f6fcfa0 JavaThread "Daemon" [_thread_blocked, id=10924, stack(0x000000b632900000,0x000000b632a00000)]
  0x0000024d9f6fc130 JavaThread "Handler for socket connection from /127.0.0.1:53014 to /127.0.0.1:53015" [_thread_in_native, id=22416, stack(0x000000b632a00000,0x000000b632b00000)]
  0x0000024d9f6fcad0 JavaThread "Cancel handler" [_thread_blocked, id=23464, stack(0x000000b632b00000,0x000000b632c00000)]
  0x0000024d9f6fd470 JavaThread "Daemon worker" [_thread_blocked, id=29628, stack(0x000000b632c00000,0x000000b632d00000)]
  0x0000024da06ed0a0 JavaThread "Asynchronous log dispatcher for DefaultDaemonConnection: socket connection from /127.0.0.1:53014 to /127.0.0.1:53015" [_thread_blocked, id=25724, stack(0x000000b632d00000,0x000000b632e00000)]
  0x0000024da06f3f50 JavaThread "Stdin handler" [_thread_blocked, id=30636, stack(0x000000b632e00000,0x000000b632f00000)]
  0x0000024da06f30e0 JavaThread "Daemon client event forwarder" [_thread_blocked, id=14884, stack(0x000000b632f00000,0x000000b633000000)]
  0x0000024da06f4420 JavaThread "Cache worker for journal cache (C:\Users\Phuon\.gradle\caches\journal-1)" [_thread_blocked, id=27168, stack(0x000000b633700000,0x000000b633800000)]
  0x0000024da06efbf0 JavaThread "File lock request listener" [_thread_in_native, id=29316, stack(0x000000b633800000,0x000000b633900000)]
  0x0000024da06f0590 JavaThread "Cache worker for file hash cache (C:\Users\Phuon\.gradle\caches\8.0\fileHashes)" [_thread_blocked, id=1480, stack(0x000000b633900000,0x000000b633a00000)]
  0x0000024da06edf10 JavaThread "File watcher server" daemon [_thread_in_native, id=6760, stack(0x000000b633a00000,0x000000b633b00000)]
  0x0000024da06ef720 JavaThread "File watcher consumer" daemon [_thread_blocked, id=8224, stack(0x000000b633b00000,0x000000b633c00000)]
  0x0000024da06f18d0 JavaThread "Cache worker for checksums cache (D:\IMDBClient\IMDB\.gradle\8.0\checksums)" [_thread_blocked, id=23768, stack(0x000000b633c00000,0x000000b633d00000)]
  0x0000024da06f35b0 JavaThread "Cache worker for cache directory md-rule (C:\Users\Phuon\.gradle\caches\8.0\md-rule)" [_thread_blocked, id=13388, stack(0x000000b633d00000,0x000000b633e00000)]
  0x0000024da06f0f30 JavaThread "Cache worker for file content cache (C:\Users\Phuon\.gradle\caches\8.0\fileContent)" [_thread_blocked, id=23560, stack(0x000000b633e00000,0x000000b633f00000)]
  0x0000024da06f3a80 JavaThread "Cache worker for file hash cache (D:\IMDBClient\IMDB\.gradle\8.0\fileHashes)" [_thread_blocked, id=27596, stack(0x000000b633f00000,0x000000b634000000)]
  0x0000024da06f1400 JavaThread "Cache worker for cache directory md-supplier (C:\Users\Phuon\.gradle\caches\8.0\md-supplier)" [_thread_blocked, id=1000, stack(0x000000b634000000,0x000000b634100000)]
  0x0000024da06ee8b0 JavaThread "Cache worker for execution history cache (C:\Users\Phuon\.gradle\caches\8.0\executionHistory)" [_thread_blocked, id=12388, stack(0x000000b634100000,0x000000b634200000)]
  0x0000024da06f2740 JavaThread "jar transforms" [_thread_blocked, id=30556, stack(0x000000b634200000,0x000000b634300000)]
  0x0000024da06eed80 JavaThread "jar transforms Thread 2" [_thread_blocked, id=21920, stack(0x000000b634300000,0x000000b634400000)]
  0x0000024da06f48f0 JavaThread "Cache worker for kotlin-dsl (C:\Users\Phuon\.gradle\caches\8.0\kotlin-dsl)" [_thread_blocked, id=8428, stack(0x000000b634400000,0x000000b634500000)]
  0x0000024da06f00c0 JavaThread "jar transforms Thread 3" [_thread_blocked, id=28888, stack(0x000000b634500000,0x000000b634600000)]
  0x0000024da06eda40 JavaThread "jar transforms Thread 4" [_thread_blocked, id=20040, stack(0x000000b634600000,0x000000b634700000)]
  0x0000024da06ee3e0 JavaThread "Cache worker for dependencies-accessors (D:\IMDBClient\IMDB\.gradle\8.0\dependencies-accessors)" [_thread_blocked, id=21640, stack(0x000000b634700000,0x000000b634800000)]
  0x0000024da2dea680 JavaThread "Cache worker for Build Output Cleanup Cache (D:\IMDBClient\IMDB\.gradle\buildOutputCleanup)" [_thread_blocked, id=5632, stack(0x000000b634800000,0x000000b634900000)]

Other Threads:
=>0x0000024d9d0b8c00 VMThread "VM Thread" [stack: 0x000000b631500000,0x000000b631600000] [id=11300]
  0x0000024d9e0fb130 WatcherThread [stack: 0x000000b632100000,0x000000b632200000] [id=24996]
  0x0000024d833a52b0 GCTaskThread "GC Thread#0" [stack: 0x000000b631000000,0x000000b631100000] [id=28892]
  0x0000024d9ed52a50 GCTaskThread "GC Thread#1" [stack: 0x000000b632400000,0x000000b632500000] [id=18692]
  0x0000024d9e49abb0 GCTaskThread "GC Thread#2" [stack: 0x000000b632500000,0x000000b632600000] [id=12920]
  0x0000024d9ef4ed90 GCTaskThread "GC Thread#3" [stack: 0x000000b632600000,0x000000b632700000] [id=26828]
  0x0000024da0400ca0 GCTaskThread "GC Thread#4" [stack: 0x000000b632300000,0x000000b632400000] [id=9100]
  0x0000024da0911af0 GCTaskThread "GC Thread#5" [stack: 0x000000b633000000,0x000000b633100000] [id=11092]
  0x0000024d9f72a590 GCTaskThread "GC Thread#6" [stack: 0x000000b633100000,0x000000b633200000] [id=29956]
  0x0000024da05fd0a0 GCTaskThread "GC Thread#7" [stack: 0x000000b633200000,0x000000b633300000] [id=30648]
  0x0000024da05e9d20 GCTaskThread "GC Thread#8" [stack: 0x000000b633300000,0x000000b633400000] [id=25836]
  0x0000024da0740df0 GCTaskThread "GC Thread#9" [stack: 0x000000b633400000,0x000000b633500000] [id=7324]
  0x0000024d833b6260 ConcurrentGCThread "G1 Main Marker" [stack: 0x000000b631100000,0x000000b631200000] [id=7952]
  0x0000024d833b6c70 ConcurrentGCThread "G1 Conc#0" [stack: 0x000000b631200000,0x000000b631300000] [id=15540]
  0x0000024da06570a0 ConcurrentGCThread "G1 Conc#1" [stack: 0x000000b633500000,0x000000b633600000] [id=24556]
  0x0000024da08958a0 ConcurrentGCThread "G1 Conc#2" [stack: 0x000000b633600000,0x000000b633700000] [id=4620]
  0x0000024d8340d990 ConcurrentGCThread "G1 Refine#0" [stack: 0x000000b631300000,0x000000b631400000] [id=21416]
  0x0000024d8340e250 ConcurrentGCThread "G1 Service" [stack: 0x000000b631400000,0x000000b631500000] [id=9244]

Threads with active compile tasks:
C2 CompilerThread0     9641 4250       4       java.lang.invoke.LambdaForm$Name::replaceNames (175 bytes)

VM state: at safepoint (normal execution)

VM Mutex/Monitor currently owned by a thread:  ([mutex/lock_event])
[0x0000024d83340fa0] Threads_lock - owner thread: 0x0000024d9d0b8c00
[0x0000024d833411e0] Heap_lock - owner thread: 0x0000024d9f6fd470

Heap address: 0x0000000080000000, size: 2048 MB, Compressed Oops mode: 32-bit

CDS archive(s) not mapped
Compressed class space mapped at: 0x0000000100000000-0x0000000140000000, reserved size: 1073741824
Narrow klass base: 0x0000000000000000, Narrow klass shift: 3, Narrow klass range: 0x140000000

GC Precious Log:
 CPUs: 12 total, 12 available
 Memory: 8061M
 Large Page Support: Disabled
 NUMA Support: Disabled
 Compressed Oops: Enabled (32-bit)
 Heap Region Size: 1M
 Heap Min Capacity: 8M
 Heap Initial Capacity: 126M
 Heap Max Capacity: 2G
 Pre-touch: Disabled
 Parallel Workers: 10
 Concurrent Workers: 3
 Concurrent Refinement Workers: 10
 Periodic GC: Disabled

Heap:
 garbage-first heap   total 65536K, used 34168K [0x0000000080000000, 0x0000000100000000)
  region size 1024K, 3 young (3072K), 3 survivors (3072K)
 Metaspace       used 49515K, committed 49984K, reserved 1097728K
  class space    used 6613K, committed 6848K, reserved 1048576K

Heap Regions: E=young(eden), S=young(survivor), O=old, HS=humongous(starts), HC=humongous(continues), CS=collection set, F=free, OA=open archive, CA=closed archive, TAMS=top-at-mark-start (previous, next)
|   0|0x0000000080000000, 0x0000000080100000, 0x0000000080100000|100%|HS|  |TAMS 0x0000000080100000, 0x0000000080000000| Complete 
|   1|0x0000000080100000, 0x0000000080200000, 0x0000000080200000|100%|HC|  |TAMS 0x0000000080200000, 0x0000000080100000| Complete 
|   2|0x0000000080200000, 0x0000000080300000, 0x0000000080300000|100%|HC|  |TAMS 0x0000000080300000, 0x0000000080200000| Complete 
|   3|0x0000000080300000, 0x0000000080400000, 0x0000000080400000|100%|HC|  |TAMS 0x0000000080400000, 0x0000000080300000| Complete 
|   4|0x0000000080400000, 0x0000000080500000, 0x0000000080500000|100%| O|  |TAMS 0x0000000080500000, 0x0000000080400000| Untracked 
|   5|0x0000000080500000, 0x0000000080600000, 0x0000000080600000|100%| O|  |TAMS 0x0000000080600000, 0x0000000080500000| Untracked 
|   6|0x0000000080600000, 0x0000000080700000, 0x0000000080700000|100%| O|  |TAMS 0x0000000080700000, 0x0000000080600000| Untracked 
|   7|0x0000000080700000, 0x0000000080800000, 0x0000000080800000|100%| O|  |TAMS 0x0000000080800000, 0x0000000080700000| Untracked 
|   8|0x0000000080800000, 0x0000000080900000, 0x0000000080900000|100%| O|  |TAMS 0x0000000080900000, 0x0000000080800000| Untracked 
|   9|0x0000000080900000, 0x0000000080a00000, 0x0000000080a00000|100%| O|  |TAMS 0x0000000080a00000, 0x0000000080900000| Untracked 
|  10|0x0000000080a00000, 0x0000000080afc800, 0x0000000080b00000| 98%| O|  |TAMS 0x0000000080afc800, 0x0000000080a00000| Untracked 
|  11|0x0000000080b00000, 0x0000000080c00000, 0x0000000080c00000|100%| O|  |TAMS 0x0000000080c00000, 0x0000000080b00000| Untracked 
|  12|0x0000000080c00000, 0x0000000080d00000, 0x0000000080d00000|100%| O|  |TAMS 0x0000000080d00000, 0x0000000080c00000| Untracked 
|  13|0x0000000080d00000, 0x0000000080e00000, 0x0000000080e00000|100%| O|  |TAMS 0x0000000080e00000, 0x0000000080d00000| Untracked 
|  14|0x0000000080e00000, 0x0000000080f00000, 0x0000000080f00000|100%| O|  |TAMS 0x0000000080f00000, 0x0000000080e00000| Untracked 
|  15|0x0000000080f00000, 0x0000000081000000, 0x0000000081000000|100%| O|  |TAMS 0x0000000081000000, 0x0000000080f00000| Untracked 
|  16|0x0000000081000000, 0x0000000081100000, 0x0000000081100000|100%| O|  |TAMS 0x0000000081100000, 0x0000000081000000| Untracked 
|  17|0x0000000081100000, 0x0000000081200000, 0x0000000081200000|100%| O|  |TAMS 0x0000000081200000, 0x0000000081100000| Untracked 
|  18|0x0000000081200000, 0x0000000081300000, 0x0000000081300000|100%| O|  |TAMS 0x0000000081300000, 0x0000000081200000| Untracked 
|  19|0x0000000081300000, 0x0000000081400000, 0x0000000081400000|100%| O|  |TAMS 0x0000000081400000, 0x0000000081300000| Untracked 
|  20|0x0000000081400000, 0x0000000081500000, 0x0000000081500000|100%| O|  |TAMS 0x0000000081500000, 0x0000000081400000| Untracked 
|  21|0x0000000081500000, 0x0000000081600000, 0x0000000081600000|100%| O|  |TAMS 0x0000000081600000, 0x0000000081500000| Untracked 
|  22|0x0000000081600000, 0x0000000081700000, 0x0000000081700000|100%| O|  |TAMS 0x0000000081700000, 0x0000000081600000| Untracked 
|  23|0x0000000081700000, 0x0000000081800000, 0x0000000081800000|100%| O|  |TAMS 0x0000000081800000, 0x0000000081700000| Untracked 
|  24|0x0000000081800000, 0x00000000818f2000, 0x0000000081900000| 94%| O|  |TAMS 0x0000000081800000, 0x0000000081800000| Untracked 
|  25|0x0000000081900000, 0x0000000081a00000, 0x0000000081a00000|100%| O|  |TAMS 0x0000000081a00000, 0x0000000081900000| Untracked 
|  26|0x0000000081a00000, 0x0000000081b00000, 0x0000000081b00000|100%| O|  |TAMS 0x0000000081ad0600, 0x0000000081a00000| Untracked 
|  27|0x0000000081b00000, 0x0000000081c00000, 0x0000000081c00000|100%| O|  |TAMS 0x0000000081c00000, 0x0000000081b00000| Untracked 
|  28|0x0000000081c00000, 0x0000000081d00000, 0x0000000081d00000|100%| O|  |TAMS 0x0000000081d00000, 0x0000000081c00000| Untracked 
|  29|0x0000000081d00000, 0x0000000081e00000, 0x0000000081e00000|100%| O|  |TAMS 0x0000000081e00000, 0x0000000081d00000| Untracked 
|  30|0x0000000081e00000, 0x0000000081f00000, 0x0000000081f00000|100%| O|  |TAMS 0x0000000081f00000, 0x0000000081e00000| Untracked 
|  31|0x0000000081f00000, 0x0000000081f00000, 0x0000000082000000|  0%| F|  |TAMS 0x0000000081f00000, 0x0000000081f00000| Untracked 
|  32|0x0000000082000000, 0x0000000082000000, 0x0000000082100000|  0%| F|  |TAMS 0x0000000082000000, 0x0000000082000000| Untracked 
|  33|0x0000000082100000, 0x0000000082100000, 0x0000000082200000|  0%| F|  |TAMS 0x0000000082100000, 0x0000000082100000| Untracked 
|  34|0x0000000082200000, 0x0000000082200000, 0x0000000082300000|  0%| F|  |TAMS 0x0000000082200000, 0x0000000082200000| Untracked 
|  35|0x0000000082300000, 0x0000000082300000, 0x0000000082400000|  0%| F|  |TAMS 0x0000000082300000, 0x0000000082300000| Untracked 
|  36|0x0000000082400000, 0x0000000082400000, 0x0000000082500000|  0%| F|  |TAMS 0x0000000082400000, 0x0000000082400000| Untracked 
|  37|0x0000000082500000, 0x0000000082500000, 0x0000000082600000|  0%| F|  |TAMS 0x0000000082500000, 0x0000000082500000| Untracked 
|  38|0x0000000082600000, 0x0000000082600000, 0x0000000082700000|  0%| F|  |TAMS 0x0000000082600000, 0x0000000082600000| Untracked 
|  39|0x0000000082700000, 0x0000000082700000, 0x0000000082800000|  0%| F|  |TAMS 0x0000000082700000, 0x0000000082700000| Untracked 
|  40|0x0000000082800000, 0x0000000082800000, 0x0000000082900000|  0%| F|  |TAMS 0x0000000082800000, 0x0000000082800000| Untracked 
|  41|0x0000000082900000, 0x0000000082900000, 0x0000000082a00000|  0%| F|  |TAMS 0x0000000082900000, 0x0000000082900000| Untracked 
|  42|0x0000000082a00000, 0x0000000082a00000, 0x0000000082b00000|  0%| F|  |TAMS 0x0000000082a00000, 0x0000000082a00000| Untracked 
|  43|0x0000000082b00000, 0x0000000082b6f970, 0x0000000082c00000| 43%| S|CS|TAMS 0x0000000082b00000, 0x0000000082b00000| Complete 
|  44|0x0000000082c00000, 0x0000000082d00000, 0x0000000082d00000|100%| S|CS|TAMS 0x0000000082c00000, 0x0000000082c00000| Complete 
|  45|0x0000000082d00000, 0x0000000082e00000, 0x0000000082e00000|100%| S|CS|TAMS 0x0000000082d00000, 0x0000000082d00000| Complete 
|  46|0x0000000082e00000, 0x0000000082e00000, 0x0000000082f00000|  0%| F|  |TAMS 0x0000000082e00000, 0x0000000082e00000| Untracked 
|  47|0x0000000082f00000, 0x0000000082f00000, 0x0000000083000000|  0%| F|  |TAMS 0x0000000082f00000, 0x0000000082f00000| Untracked 
|  48|0x0000000083000000, 0x0000000083000000, 0x0000000083100000|  0%| F|  |TAMS 0x0000000083000000, 0x0000000083000000| Untracked 
|  49|0x0000000083100000, 0x0000000083100000, 0x0000000083200000|  0%| F|  |TAMS 0x0000000083100000, 0x0000000083100000| Untracked 
|  50|0x0000000083200000, 0x0000000083200000, 0x0000000083300000|  0%| F|  |TAMS 0x0000000083200000, 0x0000000083200000| Untracked 
|  51|0x0000000083300000, 0x0000000083300000, 0x0000000083400000|  0%| F|  |TAMS 0x0000000083300000, 0x0000000083300000| Untracked 
|  52|0x0000000083400000, 0x0000000083400000, 0x0000000083500000|  0%| F|  |TAMS 0x0000000083400000, 0x0000000083400000| Untracked 
|  53|0x0000000083500000, 0x0000000083500000, 0x0000000083600000|  0%| F|  |TAMS 0x0000000083500000, 0x0000000083500000| Untracked 
|  54|0x0000000083600000, 0x0000000083600000, 0x0000000083700000|  0%| F|  |TAMS 0x0000000083600000, 0x0000000083600000| Untracked 
|  77|0x0000000084d00000, 0x0000000084d00000, 0x0000000084e00000|  0%| F|  |TAMS 0x0000000084d00000, 0x0000000084d00000| Untracked 
|  78|0x0000000084e00000, 0x0000000084e00000, 0x0000000084f00000|  0%| F|  |TAMS 0x0000000084e00000, 0x0000000084e00000| Untracked 
|  79|0x0000000084f00000, 0x0000000084f00000, 0x0000000085000000|  0%| F|  |TAMS 0x0000000084f00000, 0x0000000084f00000| Untracked 
|  80|0x0000000085000000, 0x0000000085000000, 0x0000000085100000|  0%| F|  |TAMS 0x0000000085000000, 0x0000000085000000| Untracked 
|  81|0x0000000085100000, 0x0000000085100000, 0x0000000085200000|  0%| F|  |TAMS 0x0000000085100000, 0x0000000085100000| Untracked 
|  82|0x0000000085200000, 0x0000000085200000, 0x0000000085300000|  0%| F|  |TAMS 0x0000000085200000, 0x0000000085200000| Untracked 
|  83|0x0000000085300000, 0x0000000085300000, 0x0000000085400000|  0%| F|  |TAMS 0x0000000085300000, 0x0000000085300000| Untracked 
|  84|0x0000000085400000, 0x0000000085400000, 0x0000000085500000|  0%| F|  |TAMS 0x0000000085400000, 0x0000000085400000| Untracked 
| 125|0x0000000087d00000, 0x0000000087d00000, 0x0000000087e00000|  0%| F|  |TAMS 0x0000000087d00000, 0x0000000087d00000| Untracked 

Card table byte_map: [0x0000024d96170000,0x0000024d96570000] _byte_map_base: 0x0000024d95d70000

Marking Bits (Prev, Next): (CMBitMap*) 0x0000024d833a5900, (CMBitMap*) 0x0000024d833a58c0
 Prev Bits: [0x0000024d98970000, 0x0000024d9a970000)
 Next Bits: [0x0000024d96970000, 0x0000024d98970000)

Polling page: 0x0000024d81320000

Metaspace:

Usage:
  Non-class:     41.90 MB used.
      Class:      6.46 MB used.
       Both:     48.36 MB used.

Virtual space:
  Non-class space:       48.00 MB reserved,      42.12 MB ( 88%) committed,  6 nodes.
      Class space:        1.00 GB reserved,       6.69 MB ( <1%) committed,  1 nodes.
             Both:        1.05 GB reserved,      48.81 MB (  5%) committed. 

Chunk freelists:
   Non-Class:  1.58 MB
       Class:  1.31 MB
        Both:  2.88 MB

MaxMetaspaceSize: unlimited
CompressedClassSpaceSize: 1.00 GB
Initial GC threshold: 21.00 MB
Current GC threshold: 77.31 MB
CDS: off
MetaspaceReclaimPolicy: balanced
 - commit_granule_bytes: 65536.
 - commit_granule_words: 8192.
 - virtual_space_node_default_size: 1048576.
 - enlarge_chunks_in_place: 1.
 - new_chunks_are_fully_committed: 0.
 - uncommit_free_chunks: 1.
 - use_allocation_guard: 0.
 - handle_deallocations: 1.


Internal statistics:

num_allocs_failed_limit: 6.
num_arena_births: 528.
num_arena_deaths: 0.
num_vsnodes_births: 7.
num_vsnodes_deaths: 0.
num_space_committed: 781.
num_space_uncommitted: 0.
num_chunks_returned_to_freelist: 6.
num_chunks_taken_from_freelist: 2069.
num_chunk_merges: 6.
num_chunk_splits: 1369.
num_chunks_enlarged: 944.
num_purges: 0.
num_inconsistent_stats: 0.

CodeHeap 'non-profiled nmethods': size=120000Kb used=1962Kb max_used=1962Kb free=118037Kb
 bounds [0x0000024d8e2e0000, 0x0000024d8e550000, 0x0000024d95810000]
CodeHeap 'profiled nmethods': size=120000Kb used=8215Kb max_used=8215Kb free=111784Kb
 bounds [0x0000024d86810000, 0x0000024d87020000, 0x0000024d8dd40000]
CodeHeap 'non-nmethods': size=5760Kb used=2293Kb max_used=2333Kb free=3466Kb
 bounds [0x0000024d8dd40000, 0x0000024d8dfb0000, 0x0000024d8e2e0000]
 total_blobs=5002 nmethods=4198 adapters=716
 compilation: enabled
              stopped_count=0, restarted_count=0
 full_count=0

Compilation events (20 events):
Event: 9.557 Thread 0x0000024d9e062130 4243       3       org.gradle.cache.internal.DefaultCrossBuildInMemoryCacheFactory$AbstractCrossBuildInMemoryCache::getIfPresentWithoutLock (43 bytes)
Event: 9.558 Thread 0x0000024d9e062130 nmethod 4243 0x0000024d8700ed90 code [0x0000024d8700ef60, 0x0000024d8700f3a8]
Event: 9.558 Thread 0x0000024d9e062130 4244       1       org.gradle.internal.instantiation.generator.DefaultInstantiationScheme::instantiator (5 bytes)
Event: 9.558 Thread 0x0000024d9e062130 nmethod 4244 0x0000024d8e4c8190 code [0x0000024d8e4c8320, 0x0000024d8e4c83f8]
Event: 9.558 Thread 0x0000024d9e062130 4245       3       java.lang.invoke.Invokers$Holder::linkToTargetMethod (15 bytes)
Event: 9.558 Thread 0x0000024d9e062130 nmethod 4245 0x0000024d8700f510 code [0x0000024d8700f6c0, 0x0000024d8700fad8]
Event: 9.565 Thread 0x0000024d9e062130 4246       3       java.lang.System::getProperty (25 bytes)
Event: 9.565 Thread 0x0000024d9e062130 nmethod 4246 0x0000024d8700fc10 code [0x0000024d8700fe20, 0x0000024d870104f8]
Event: 9.569 Thread 0x0000024d9e062130 4247       3       java.lang.invoke.LambdaFormBuffer::growNames (281 bytes)
Event: 9.570 Thread 0x0000024d9e062130 nmethod 4247 0x0000024d87010790 code [0x0000024d87010a40, 0x0000024d87011ab8]
Event: 9.570 Thread 0x0000024d9e062130 4248   !   3       java.lang.invoke.LambdaForm::compileToBytecode (164 bytes)
Event: 9.571 Thread 0x0000024d9e062130 nmethod 4248 0x0000024d87012010 code [0x0000024d87012260, 0x0000024d87012b38]
Event: 9.574 Thread 0x0000024d9e062130 4251       3       jdk.internal.misc.Unsafe::ensureClassInitialized (18 bytes)
Event: 9.575 Thread 0x0000024d9e062130 nmethod 4251 0x0000024d87012e10 code [0x0000024d87012fc0, 0x0000024d870131f8]
Event: 9.575 Thread 0x0000024d9e062130 4252       3       java.lang.invoke.LambdaFormBuffer::clearDuplicatesAndNulls (268 bytes)
Event: 9.576 Thread 0x0000024d9e062130 nmethod 4252 0x0000024d87013310 code [0x0000024d870135a0, 0x0000024d87014558]
Event: 9.577 Thread 0x0000024d9e062130 4254       3       java.lang.invoke.LambdaFormBuffer::endEdit (313 bytes)
Event: 9.578 Thread 0x0000024d9e062130 nmethod 4254 0x0000024d87014a90 code [0x0000024d87014d00, 0x0000024d87015ab8]
Event: 9.580 Thread 0x0000024d9e061740 nmethod 4222 0x0000024d8e4c8490 code [0x0000024d8e4c86c0, 0x0000024d8e4c9bd0]
Event: 9.580 Thread 0x0000024d9e061740 4250       4       java.lang.invoke.LambdaForm$Name::replaceNames (175 bytes)

GC Heap History (20 events):
Event: 1.358 GC heap after
{Heap after GC invocations=2 (full 0):
 garbage-first heap   total 129024K, used 14322K [0x0000000080000000, 0x0000000100000000)
  region size 1024K, 4 young (4096K), 4 survivors (4096K)
 Metaspace       used 11217K, committed 11456K, reserved 1064960K
  class space    used 1162K, committed 1280K, reserved 1048576K
}
Event: 3.124 GC heap before
{Heap before GC invocations=2 (full 0):
 garbage-first heap   total 129024K, used 51186K [0x0000000080000000, 0x0000000100000000)
  region size 1024K, 41 young (41984K), 4 survivors (4096K)
 Metaspace       used 21252K, committed 21504K, reserved 1073152K
  class space    used 2581K, committed 2752K, reserved 1048576K
}
Event: 3.131 GC heap after
{Heap after GC invocations=3 (full 0):
 garbage-first heap   total 129024K, used 18324K [0x0000000080000000, 0x0000000100000000)
  region size 1024K, 8 young (8192K), 8 survivors (8192K)
 Metaspace       used 21252K, committed 21504K, reserved 1073152K
  class space    used 2581K, committed 2752K, reserved 1048576K
}
Event: 4.456 GC heap before
{Heap before GC invocations=4 (full 0):
 garbage-first heap   total 65536K, used 50068K [0x0000000080000000, 0x0000000100000000)
  region size 1024K, 40 young (40960K), 8 survivors (8192K)
 Metaspace       used 26374K, committed 26624K, reserved 1073152K
  class space    used 3471K, committed 3584K, reserved 1048576K
}
Event: 4.463 GC heap after
{Heap after GC invocations=5 (full 0):
 garbage-first heap   total 65536K, used 20378K [0x0000000080000000, 0x0000000100000000)
  region size 1024K, 6 young (6144K), 6 survivors (6144K)
 Metaspace       used 26374K, committed 26624K, reserved 1073152K
  class space    used 3471K, committed 3584K, reserved 1048576K
}
Event: 5.231 GC heap before
{Heap before GC invocations=5 (full 0):
 garbage-first heap   total 65536K, used 44954K [0x0000000080000000, 0x0000000100000000)
  region size 1024K, 30 young (30720K), 6 survivors (6144K)
 Metaspace       used 30134K, committed 30464K, reserved 1081344K
  class space    used 4091K, committed 4224K, reserved 1048576K
}
Event: 5.238 GC heap after
{Heap after GC invocations=6 (full 0):
 garbage-first heap   total 65536K, used 21810K [0x0000000080000000, 0x0000000100000000)
  region size 1024K, 4 young (4096K), 4 survivors (4096K)
 Metaspace       used 30134K, committed 30464K, reserved 1081344K
  class space    used 4091K, committed 4224K, reserved 1048576K
}
Event: 6.027 GC heap before
{Heap before GC invocations=6 (full 0):
 garbage-first heap   total 65536K, used 46386K [0x0000000080000000, 0x0000000100000000)
  region size 1024K, 28 young (28672K), 4 survivors (4096K)
 Metaspace       used 34110K, committed 34496K, reserved 1081344K
  class space    used 4706K, committed 4864K, reserved 1048576K
}
Event: 6.031 GC heap after
{Heap after GC invocations=7 (full 0):
 garbage-first heap   total 65536K, used 23484K [0x0000000080000000, 0x0000000100000000)
  region size 1024K, 3 young (3072K), 3 survivors (3072K)
 Metaspace       used 34110K, committed 34496K, reserved 1081344K
  class space    used 4706K, committed 4864K, reserved 1048576K
}
Event: 6.277 GC heap before
{Heap before GC invocations=7 (full 0):
 garbage-first heap   total 65536K, used 29628K [0x0000000080000000, 0x0000000100000000)
  region size 1024K, 10 young (10240K), 3 survivors (3072K)
 Metaspace       used 35625K, committed 35968K, reserved 1081344K
  class space    used 4875K, committed 5056K, reserved 1048576K
}
Event: 6.281 GC heap after
{Heap after GC invocations=8 (full 0):
 garbage-first heap   total 65536K, used 24429K [0x0000000080000000, 0x0000000100000000)
  region size 1024K, 3 young (3072K), 3 survivors (3072K)
 Metaspace       used 35625K, committed 35968K, reserved 1081344K
  class space    used 4875K, committed 5056K, reserved 1048576K
}
Event: 6.924 GC heap before
{Heap before GC invocations=9 (full 0):
 garbage-first heap   total 65536K, used 47981K [0x0000000080000000, 0x0000000100000000)
  region size 1024K, 27 young (27648K), 3 survivors (3072K)
 Metaspace       used 40399K, committed 40768K, reserved 1089536K
  class space    used 5354K, committed 5504K, reserved 1048576K
}
Event: 6.928 GC heap after
{Heap after GC invocations=10 (full 0):
 garbage-first heap   total 65536K, used 28106K [0x0000000080000000, 0x0000000100000000)
  region size 1024K, 4 young (4096K), 4 survivors (4096K)
 Metaspace       used 40399K, committed 40768K, reserved 1089536K
  class space    used 5354K, committed 5504K, reserved 1048576K
}
Event: 7.523 GC heap before
{Heap before GC invocations=10 (full 0):
 garbage-first heap   total 65536K, used 52682K [0x0000000080000000, 0x0000000100000000)
  region size 1024K, 25 young (25600K), 4 survivors (4096K)
 Metaspace       used 42767K, committed 43200K, reserved 1089536K
  class space    used 5607K, committed 5760K, reserved 1048576K
}
Event: 7.530 GC heap after
{Heap after GC invocations=11 (full 0):
 garbage-first heap   total 65536K, used 30478K [0x0000000080000000, 0x0000000100000000)
  region size 1024K, 3 young (3072K), 3 survivors (3072K)
 Metaspace       used 42767K, committed 43200K, reserved 1089536K
  class space    used 5607K, committed 5760K, reserved 1048576K
}
Event: 8.056 GC heap before
{Heap before GC invocations=11 (full 0):
 garbage-first heap   total 65536K, used 49934K [0x0000000080000000, 0x0000000100000000)
  region size 1024K, 22 young (22528K), 3 survivors (3072K)
 Metaspace       used 44495K, committed 44928K, reserved 1089536K
  class space    used 5760K, committed 5952K, reserved 1048576K
}
Event: 8.060 GC heap after
{Heap after GC invocations=12 (full 0):
 garbage-first heap   total 65536K, used 31892K [0x0000000080000000, 0x0000000100000000)
  region size 1024K, 2 young (2048K), 2 survivors (2048K)
 Metaspace       used 44495K, committed 44928K, reserved 1089536K
  class space    used 5760K, committed 5952K, reserved 1048576K
}
Event: 8.918 GC heap before
{Heap before GC invocations=12 (full 0):
 garbage-first heap   total 65536K, used 51348K [0x0000000080000000, 0x0000000100000000)
  region size 1024K, 21 young (21504K), 2 survivors (2048K)
 Metaspace       used 47025K, committed 47424K, reserved 1097728K
  class space    used 6191K, committed 6400K, reserved 1048576K
}
Event: 8.921 GC heap after
{Heap after GC invocations=13 (full 0):
 garbage-first heap   total 65536K, used 33124K [0x0000000080000000, 0x0000000100000000)
  region size 1024K, 3 young (3072K), 3 survivors (3072K)
 Metaspace       used 47025K, committed 47424K, reserved 1097728K
  class space    used 6191K, committed 6400K, reserved 1048576K
}
Event: 9.592 GC heap before
{Heap before GC invocations=14 (full 0):
 garbage-first heap   total 65536K, used 51556K [0x0000000080000000, 0x0000000100000000)
  region size 1024K, 21 young (21504K), 3 survivors (3072K)
 Metaspace       used 49515K, committed 49984K, reserved 1097728K
  class space    used 6613K, committed 6848K, reserved 1048576K
}

Dll operation events (2 events):
Event: 0.010 Loaded shared library D:\Android\jbr\bin\java.dll
Event: 0.429 Loaded shared library D:\Android\jbr\bin\verify.dll

Deoptimization events (20 events):
Event: 8.897 Thread 0x0000024d9f6fd470 Uncommon trap: trap_request=0xffffffbe fr.pc=0x0000024d8e48e970 relative=0x0000000000002fd0
Event: 8.897 Thread 0x0000024d9f6fd470 Uncommon trap: reason=profile_predicate action=maybe_recompile pc=0x0000024d8e48e970 method=java.util.AbstractCollection.addAll(Ljava/util/Collection;)Z @ 15 c2
Event: 8.897 Thread 0x0000024d9f6fd470 DEOPT PACKING pc=0x0000024d8e48e970 sp=0x000000b632cfa450
Event: 8.897 Thread 0x0000024d9f6fd470 DEOPT UNPACKING pc=0x0000024d8dd969a3 sp=0x000000b632cfa438 mode 2
Event: 9.369 Thread 0x0000024d9f6fd470 Uncommon trap: trap_request=0xffffff45 fr.pc=0x0000024d8e4113ec relative=0x00000000000002cc
Event: 9.369 Thread 0x0000024d9f6fd470 Uncommon trap: reason=unstable_if action=reinterpret pc=0x0000024d8e4113ec method=java.util.HashMap.getNode(Ljava/lang/Object;)Ljava/util/HashMap$Node; @ 57 c2
Event: 9.369 Thread 0x0000024d9f6fd470 DEOPT PACKING pc=0x0000024d8e4113ec sp=0x000000b632cf8350
Event: 9.369 Thread 0x0000024d9f6fd470 DEOPT UNPACKING pc=0x0000024d8dd969a3 sp=0x000000b632cf8270 mode 2
Event: 9.369 Thread 0x0000024d9f6fd470 Uncommon trap: trap_request=0xffffff45 fr.pc=0x0000024d8e42e13c relative=0x000000000000075c
Event: 9.369 Thread 0x0000024d9f6fd470 Uncommon trap: reason=unstable_if action=reinterpret pc=0x0000024d8e42e13c method=java.util.HashMap.putVal(ILjava/lang/Object;Ljava/lang/Object;ZZ)Ljava/lang/Object; @ 85 c2
Event: 9.369 Thread 0x0000024d9f6fd470 DEOPT PACKING pc=0x0000024d8e42e13c sp=0x000000b632cf8320
Event: 9.369 Thread 0x0000024d9f6fd470 DEOPT UNPACKING pc=0x0000024d8dd969a3 sp=0x000000b632cf8250 mode 2
Event: 9.380 Thread 0x0000024d9f6fd470 Uncommon trap: trap_request=0xffffff45 fr.pc=0x0000024d8e4ab1b0 relative=0x00000000000002f0
Event: 9.380 Thread 0x0000024d9f6fd470 Uncommon trap: reason=unstable_if action=reinterpret pc=0x0000024d8e4ab1b0 method=org.gradle.internal.reflect.PropertyAccessorType.isGetGetterName(Ljava/lang/String;)Z @ 14 c2
Event: 9.380 Thread 0x0000024d9f6fd470 DEOPT PACKING pc=0x0000024d8e4ab1b0 sp=0x000000b632cf8db0
Event: 9.380 Thread 0x0000024d9f6fd470 DEOPT UNPACKING pc=0x0000024d8dd969a3 sp=0x000000b632cf8d08 mode 2
Event: 9.410 Thread 0x0000024d9f6fd470 Uncommon trap: trap_request=0xffffff45 fr.pc=0x0000024d8e42f468 relative=0x00000000000000e8
Event: 9.410 Thread 0x0000024d9f6fd470 Uncommon trap: reason=unstable_if action=reinterpret pc=0x0000024d8e42f468 method=org.objectweb.asm.ByteVector.putShort(I)Lorg/objectweb/asm/ByteVector; @ 13 c2
Event: 9.410 Thread 0x0000024d9f6fd470 DEOPT PACKING pc=0x0000024d8e42f468 sp=0x000000b632cf89d0
Event: 9.410 Thread 0x0000024d9f6fd470 DEOPT UNPACKING pc=0x0000024d8dd969a3 sp=0x000000b632cf8968 mode 2

Classes unloaded (0 events):
No events

Classes redefined (0 events):
No events

Internal exceptions (20 events):
Event: 7.557 Thread 0x0000024d9f6fd470 Exception <a 'java/lang/NoSuchMethodError'{0x0000000087d936d8}: 'java.lang.Object java.lang.invoke.DirectMethodHandle$Holder.invokeStatic(java.lang.Object, java.lang.Object, java.lang.Object, java.lang.Object, java.lang.Object, java.lang.Object, java.lang.Object, java.lang.Object, java.lang.Object, java.lang.Object, java.lang.Object, java.lang.Object, java.lang.Object, java.lang.Object, java.lang.Object, java.lang.Object, java.lang.Object)'> (0x0000000087d936d8) 
thrown [s\src\hotspot\share\interpreter\lin
Event: 7.562 Thread 0x0000024d9f6fd470 Exception <a 'java/lang/NoSuchMethodError'{0x0000000087dbb310}: 'java.lang.Object java.lang.invoke.DirectMethodHandle$Holder.invokeStatic(java.lang.Object, java.lang.Object, java.lang.Object, java.lang.Object, java.lang.Object, java.lang.Object, java.lang.Object, java.lang.Object, java.lang.Object, java.lang.Object, java.lang.Object, java.lang.Object, java.lang.Object, java.lang.Object, java.lang.Object, java.lang.Object, java.lang.Object, java.lang.Object)'> (0x0000000087dbb310) 
thrown [s\src\hotspot\sha
Event: 7.568 Thread 0x0000024d9f6fd470 Exception <a 'java/lang/NoSuchMethodError'{0x0000000087de36b0}: 'java.lang.Object java.lang.invoke.DirectMethodHandle$Holder.invokeStatic(java.lang.Object, java.lang.Object, java.lang.Object, java.lang.Object, java.lang.Object, java.lang.Object, java.lang.Object, java.lang.Object, java.lang.Object, java.lang.Object, java.lang.Object, java.lang.Object, java.lang.Object, java.lang.Object, java.lang.Object, java.lang.Object, java.lang.Object, java.lang.Object, java.lang.Object)'> (0x0000000087de36b0) 
thrown 
Event: 7.573 Thread 0x0000024d9f6fd470 Exception <a 'java/lang/NoSuchMethodError'{0x000000008540d0d8}: 'java.lang.Object java.lang.invoke.DirectMethodHandle$Holder.invokeStatic(java.lang.Object, java.lang.Object, java.lang.Object, java.lang.Object, java.lang.Object, java.lang.Object, java.lang.Object, java.lang.Object, java.lang.Object, java.lang.Object, java.lang.Object, java.lang.Object, java.lang.Object, java.lang.Object, java.lang.Object, java.lang.Object, java.lang.Object, java.lang.Object, java.lang.Object, java.lang.Object)'> (0x00000000
Event: 7.577 Thread 0x0000024d9f6fd470 Exception <a 'java/lang/NoSuchMethodError'{0x00000000854377d0}: 'java.lang.Object java.lang.invoke.DirectMethodHandle$Holder.invokeStatic(java.lang.Object, java.lang.Object, java.lang.Object, java.lang.Object, java.lang.Object, java.lang.Object, java.lang.Object, java.lang.Object, java.lang.Object, java.lang.Object, java.lang.Object, java.lang.Object, java.lang.Object, java.lang.Object, java.lang.Object, java.lang.Object, java.lang.Object, java.lang.Object, java.lang.Object, java.lang.Object, java.lang.Obj
Event: 7.582 Thread 0x0000024d9f6fd470 Exception <a 'java/lang/NoSuchMethodError'{0x00000000854652c0}: 'java.lang.Object java.lang.invoke.DirectMethodHandle$Holder.invokeStatic(java.lang.Object, java.lang.Object, java.lang.Object, java.lang.Object, java.lang.Object, java.lang.Object, java.lang.Object, java.lang.Object, java.lang.Object, java.lang.Object, java.lang.Object, java.lang.Object, java.lang.Object, java.lang.Object, java.lang.Object, java.lang.Object, java.lang.Object, java.lang.Object, java.lang.Object, java.lang.Object, java.lang.Obj
Event: 7.586 Thread 0x0000024d9f6fd470 Exception <a 'java/lang/NoSuchMethodError'{0x0000000085491db8}: 'java.lang.Object java.lang.invoke.DirectMethodHandle$Holder.invokeStatic(java.lang.Object, java.lang.Object, java.lang.Object, java.lang.Object, java.lang.Object, java.lang.Object, java.lang.Object, java.lang.Object, java.lang.Object, java.lang.Object, java.lang.Object, java.lang.Object, java.lang.Object, java.lang.Object, java.lang.Object, java.lang.Object, java.lang.Object, java.lang.Object, java.lang.Object, java.lang.Object, java.lang.Obj
Event: 7.591 Thread 0x0000024d9f6fd470 Exception <a 'java/lang/NoSuchMethodError'{0x00000000854c03b0}: 'java.lang.Object java.lang.invoke.DirectMethodHandle$Holder.invokeStatic(java.lang.Object, java.lang.Object, java.lang.Object, java.lang.Object, java.lang.Object, java.lang.Object, java.lang.Object, java.lang.Object, java.lang.Object, java.lang.Object, java.lang.Object, java.lang.Object, java.lang.Object, java.lang.Object, java.lang.Object, java.lang.Object, java.lang.Object, java.lang.Object, java.lang.Object, java.lang.Object, java.lang.Obj
Event: 7.747 Thread 0x0000024d9f6fd470 Exception <a 'java/lang/IncompatibleClassChangeError'{0x00000000832f1670}: Found class java.lang.Object, but interface was expected> (0x00000000832f1670) 
thrown [s\src\hotspot\share\interpreter\linkResolver.cpp, line 838]
Event: 8.039 Thread 0x0000024d9f6fd470 Exception <a 'java/lang/IncompatibleClassChangeError'{0x0000000082d84060}: Found class java.lang.Object, but interface was expected> (0x0000000082d84060) 
thrown [s\src\hotspot\share\interpreter\linkResolver.cpp, line 838]
Event: 8.118 Thread 0x0000024d9f6fd470 Exception <a 'java/lang/NoSuchMethodError'{0x0000000085407718}: 'int java.lang.invoke.DirectMethodHandle$Holder.invokeStaticInit(java.lang.Object, java.lang.Object, java.lang.Object, java.lang.Object, java.lang.Object)'> (0x0000000085407718) 
thrown [s\src\hotspot\share\interpreter\linkResolver.cpp, line 771]
Event: 8.398 Thread 0x0000024d9f6fd470 Implicit null exception at 0x0000024d8e4938ec to 0x0000024d8e493994
Event: 8.609 Thread 0x0000024d9f6fd470 Exception <a 'java/lang/NoSuchMethodError'{0x000000008336caf0}: 'void java.lang.invoke.DirectMethodHandle$Holder.invokeInterface(java.lang.Object, java.lang.Object)'> (0x000000008336caf0) 
thrown [s\src\hotspot\share\interpreter\linkResolver.cpp, line 771]
Event: 8.611 Thread 0x0000024d9f6fd470 Exception <a 'java/lang/IncompatibleClassChangeError'{0x0000000083377e20}: Found class java.lang.Object, but interface was expected> (0x0000000083377e20) 
thrown [s\src\hotspot\share\interpreter\linkResolver.cpp, line 838]
Event: 8.663 Thread 0x0000024d9f6fd470 Exception <a 'java/lang/NoSuchMethodError'{0x00000000832ff408}: 'java.lang.Object java.lang.invoke.DirectMethodHandle$Holder.newInvokeSpecial(java.lang.Object, int, java.lang.Object)'> (0x00000000832ff408) 
thrown [s\src\hotspot\share\interpreter\linkResolver.cpp, line 771]
Event: 9.171 Thread 0x0000024da06f30e0 Exception <a 'java/lang/NoSuchMethodError'{0x0000000084f118b8}: static Lorg/gradle/internal/build/event/types/DefaultOperationStartedProgressEvent;.<clinit>()V> (0x0000000084f118b8) 
thrown [s\src\hotspot\share\prims\jni.cpp, line 1108]
Event: 9.173 Thread 0x0000024da06f30e0 Exception <a 'java/lang/NoSuchMethodError'{0x0000000084f133f8}: static Lorg/gradle/internal/build/event/types/AbstractProgressEvent;.<clinit>()V> (0x0000000084f133f8) 
thrown [s\src\hotspot\share\prims\jni.cpp, line 1108]
Event: 9.176 Thread 0x0000024da06f30e0 Exception <a 'java/lang/NoSuchMethodError'{0x0000000084f26620}: static Lorg/gradle/internal/build/event/types/DefaultProjectConfigurationDescriptor;.<clinit>()V> (0x0000000084f26620) 
thrown [s\src\hotspot\share\prims\jni.cpp, line 1108]
Event: 9.176 Thread 0x0000024da06f30e0 Exception <a 'java/lang/NoSuchMethodError'{0x0000000084f29020}: static Lorg/gradle/internal/build/event/types/DefaultOperationDescriptor;.<clinit>()V> (0x0000000084f29020) 
thrown [s\src\hotspot\share\prims\jni.cpp, line 1108]
Event: 9.181 Thread 0x0000024da06f30e0 Exception <a 'java/lang/NoSuchMethodError'{0x0000000084f98758}: static Lorg/gradle/internal/operations/OperationIdentifier;.<clinit>()V> (0x0000000084f98758) 
thrown [s\src\hotspot\share\prims\jni.cpp, line 1108]

VM Operations (20 events):
Event: 7.755 Executing VM operation: HandshakeAllThreads done
Event: 7.917 Executing VM operation: HandshakeAllThreads
Event: 7.917 Executing VM operation: HandshakeAllThreads done
Event: 8.053 Executing VM operation: HandshakeAllThreads
Event: 8.053 Executing VM operation: HandshakeAllThreads done
Event: 8.056 Executing VM operation: G1CollectForAllocation
Event: 8.060 Executing VM operation: G1CollectForAllocation done
Event: 8.323 Executing VM operation: HandshakeAllThreads
Event: 8.324 Executing VM operation: HandshakeAllThreads done
Event: 8.918 Executing VM operation: G1CollectForAllocation
Event: 8.921 Executing VM operation: G1CollectForAllocation done
Event: 8.938 Executing VM operation: G1Concurrent
Event: 8.941 Executing VM operation: G1Concurrent done
Event: 8.947 Executing VM operation: G1Concurrent
Event: 8.948 Executing VM operation: G1Concurrent done
Event: 9.037 Executing VM operation: HandshakeAllThreads
Event: 9.037 Executing VM operation: HandshakeAllThreads done
Event: 9.131 Executing VM operation: HandshakeAllThreads
Event: 9.131 Executing VM operation: HandshakeAllThreads done
Event: 9.592 Executing VM operation: G1CollectForAllocation

Events (20 events):
Event: 9.171 loading class java/io/ObjectStreamClass$MemberSignature done
Event: 9.171 loading class java/io/ObjectStreamClass$3
Event: 9.171 loading class java/io/ObjectStreamClass$3 done
Event: 9.171 loading class java/io/ObjectStreamClass$4
Event: 9.172 loading class java/io/ObjectStreamClass$4 done
Event: 9.172 loading class java/io/ObjectStreamClass$5
Event: 9.172 loading class java/io/ObjectStreamClass$5 done
Event: 9.173 loading class java/io/ObjectStreamClass$ClassDataSlot
Event: 9.173 loading class java/io/ObjectStreamClass$ClassDataSlot done
Event: 9.177 loading class jdk/internal/reflect/UnsafeQualifiedStaticLongFieldAccessorImpl
Event: 9.178 loading class jdk/internal/reflect/UnsafeQualifiedStaticLongFieldAccessorImpl done
Event: 9.182 loading class java/io/SerialCallbackContext
Event: 9.183 loading class java/io/SerialCallbackContext done
Event: 9.295 loading class java/util/DualPivotQuicksort
Event: 9.296 loading class java/util/DualPivotQuicksort done
Event: 9.415 loading class java/lang/StringIndexOutOfBoundsException
Event: 9.415 loading class java/lang/StringIndexOutOfBoundsException done
Event: 9.562 loading class java/util/Collections$SingletonMap
Event: 9.562 loading class java/util/Collections$SingletonMap done
Event: 9.565 Thread 0x0000024da2dea680 Thread added: 0x0000024da2dea680


Dynamic libraries:
0x00007ff6f5f20000 - 0x00007ff6f5f2a000 	D:\Android\jbr\bin\java.exe
0x00007ff996090000 - 0x00007ff9962a4000 	C:\Windows\SYSTEM32\ntdll.dll
0x00007ff994ed0000 - 0x00007ff994f94000 	C:\Windows\System32\KERNEL32.DLL
0x00007ff993410000 - 0x00007ff9937b4000 	C:\Windows\System32\KERNELBASE.dll
0x00007ff993ca0000 - 0x00007ff993db1000 	C:\Windows\System32\ucrtbase.dll
0x00007ff9797c0000 - 0x00007ff9797d7000 	D:\Android\jbr\bin\jli.dll
0x00007ff97c8f0000 - 0x00007ff97c90b000 	D:\Android\jbr\bin\VCRUNTIME140.dll
0x00007ff995610000 - 0x00007ff9957be000 	C:\Windows\System32\USER32.dll
0x00007ff993dc0000 - 0x00007ff993de6000 	C:\Windows\System32\win32u.dll
0x00007ff97e4b0000 - 0x00007ff97e743000 	C:\Windows\WinSxS\amd64_microsoft.windows.common-controls_6595b64144ccf1df_6.0.22621.2215_none_270d72677387dfc3\COMCTL32.dll
0x00007ff994ea0000 - 0x00007ff994ec9000 	C:\Windows\System32\GDI32.dll
0x00007ff9950a0000 - 0x00007ff995147000 	C:\Windows\System32\msvcrt.dll
0x00007ff993b80000 - 0x00007ff993c98000 	C:\Windows\System32\gdi32full.dll
0x00007ff9937c0000 - 0x00007ff99385a000 	C:\Windows\System32\msvcp_win.dll
0x00007ff9955d0000 - 0x00007ff995601000 	C:\Windows\System32\IMM32.DLL
0x00007ff97ec60000 - 0x00007ff97ec6c000 	D:\Android\jbr\bin\vcruntime140_1.dll
0x00007ff95db60000 - 0x00007ff95dbed000 	D:\Android\jbr\bin\msvcp140.dll
0x00007ff942970000 - 0x00007ff9435de000 	D:\Android\jbr\bin\server\jvm.dll
0x00007ff993df0000 - 0x00007ff993ea0000 	C:\Windows\System32\ADVAPI32.dll
0x00007ff994df0000 - 0x00007ff994e96000 	C:\Windows\System32\sechost.dll
0x00007ff9948c0000 - 0x00007ff9949d7000 	C:\Windows\System32\RPCRT4.dll
0x00007ff98c690000 - 0x00007ff98c6c4000 	C:\Windows\SYSTEM32\WINMM.dll
0x00007ff98cb60000 - 0x00007ff98cb6a000 	C:\Windows\SYSTEM32\VERSION.dll
0x00007ff9795f0000 - 0x00007ff9795f9000 	C:\Windows\SYSTEM32\WSOCK32.dll
0x00007ff994760000 - 0x00007ff9947d1000 	C:\Windows\System32\WS2_32.dll
0x00007ff9924c0000 - 0x00007ff9924d8000 	C:\Windows\SYSTEM32\kernel.appcore.dll
0x00007ff98d860000 - 0x00007ff98d86a000 	D:\Android\jbr\bin\jimage.dll
0x00007ff990e70000 - 0x00007ff99109e000 	C:\Windows\SYSTEM32\DBGHELP.DLL
0x00007ff994a60000 - 0x00007ff994dea000 	C:\Windows\System32\combase.dll
0x00007ff9947e0000 - 0x00007ff9948b7000 	C:\Windows\System32\OLEAUT32.dll
0x00007ff9770d0000 - 0x00007ff977102000 	C:\Windows\SYSTEM32\dbgcore.DLL
0x00007ff993990000 - 0x00007ff993a0a000 	C:\Windows\System32\bcryptPrimitives.dll
0x00007ff97f8e0000 - 0x00007ff97f905000 	D:\Android\jbr\bin\java.dll
0x00007ff97f800000 - 0x00007ff97f818000 	D:\Android\jbr\bin\zip.dll
0x00007ff993f20000 - 0x00007ff994743000 	C:\Windows\System32\SHELL32.dll
0x00007ff991360000 - 0x00007ff991c4a000 	C:\Windows\SYSTEM32\windows.storage.dll
0x00007ff991220000 - 0x00007ff99135e000 	C:\Windows\SYSTEM32\wintypes.dll
0x00007ff994fa0000 - 0x00007ff995093000 	C:\Windows\System32\SHCORE.dll
0x00007ff995e20000 - 0x00007ff995e7e000 	C:\Windows\System32\shlwapi.dll
0x00007ff993340000 - 0x00007ff993366000 	C:\Windows\SYSTEM32\profapi.dll
0x00007ff97f720000 - 0x00007ff97f739000 	D:\Android\jbr\bin\net.dll
0x00007ff98c550000 - 0x00007ff98c687000 	C:\Windows\SYSTEM32\WINHTTP.dll
0x00007ff992990000 - 0x00007ff9929f9000 	C:\Windows\system32\mswsock.dll
0x00007ff97f140000 - 0x00007ff97f156000 	D:\Android\jbr\bin\nio.dll
0x00007ff97fdd0000 - 0x00007ff97fde0000 	D:\Android\jbr\bin\verify.dll
0x00007ff97eec0000 - 0x00007ff97eee7000 	C:\Users\Phuon\.gradle\native\68d5fa5c4cc2d200863cafc0d521ce42e7d3e7ee720ec0a83991735586a16f82\windows-amd64\native-platform.dll
0x00007ff94ce20000 - 0x00007ff94cf64000 	C:\Users\Phuon\.gradle\native\e376f236ea51e6404a007f0833ffe2c6e607c4080706a723a18a27aeea778392\windows-amd64\native-platform-file-events.dll
0x00007ff97f7f0000 - 0x00007ff97f7f9000 	D:\Android\jbr\bin\management.dll
0x00007ff97f710000 - 0x00007ff97f71b000 	D:\Android\jbr\bin\management_ext.dll
0x00007ff993ea0000 - 0x00007ff993ea8000 	C:\Windows\System32\PSAPI.DLL
0x00007ff992bb0000 - 0x00007ff992bcb000 	C:\Windows\SYSTEM32\CRYPTSP.dll
0x00007ff992480000 - 0x00007ff9924b5000 	C:\Windows\system32\rsaenh.dll
0x00007ff992a50000 - 0x00007ff992a7c000 	C:\Windows\SYSTEM32\USERENV.dll
0x00007ff992de0000 - 0x00007ff992e08000 	C:\Windows\SYSTEM32\bcrypt.dll
0x00007ff992bd0000 - 0x00007ff992bdc000 	C:\Windows\SYSTEM32\CRYPTBASE.dll
0x00007ff991f20000 - 0x00007ff991f4d000 	C:\Windows\SYSTEM32\IPHLPAPI.DLL
0x00007ff994750000 - 0x00007ff994759000 	C:\Windows\System32\NSI.dll
0x00007ff98cb70000 - 0x00007ff98cb89000 	C:\Windows\SYSTEM32\dhcpcsvc6.DLL
0x00007ff98c160000 - 0x00007ff98c17f000 	C:\Windows\SYSTEM32\dhcpcsvc.DLL
0x00007ff991f90000 - 0x00007ff992082000 	C:\Windows\SYSTEM32\DNSAPI.dll
0x00007ff97f0a0000 - 0x00007ff97f0a8000 	C:\Windows\system32\wshunix.dll

dbghelp: loaded successfully - version: 4.0.5 - missing functions: none
symbol engine: initialized successfully - sym options: 0x614 - pdb path: .;D:\Android\jbr\bin;C:\Windows\SYSTEM32;C:\Windows\WinSxS\amd64_microsoft.windows.common-controls_6595b64144ccf1df_6.0.22621.2215_none_270d72677387dfc3;D:\Android\jbr\bin\server;C:\Users\Phuon\.gradle\native\68d5fa5c4cc2d200863cafc0d521ce42e7d3e7ee720ec0a83991735586a16f82\windows-amd64;C:\Users\Phuon\.gradle\native\e376f236ea51e6404a007f0833ffe2c6e607c4080706a723a18a27aeea778392\windows-amd64

VM Arguments:
jvm_args: --add-opens=java.base/java.util=ALL-UNNAMED --add-opens=java.base/java.lang=ALL-UNNAMED --add-opens=java.base/java.lang.invoke=ALL-UNNAMED --add-opens=java.prefs/java.util.prefs=ALL-UNNAMED --add-opens=java.base/java.nio.charset=ALL-UNNAMED --add-opens=java.base/java.net=ALL-UNNAMED --add-opens=java.base/java.util.concurrent.atomic=ALL-UNNAMED -Xmx2048m -Dfile.encoding=UTF-8 -Duser.country=US -Duser.language=en -Duser.variant 
java_command: org.gradle.launcher.daemon.bootstrap.GradleDaemon 8.0
java_class_path (initial): C:\Users\Phuon\.gradle\wrapper\dists\gradle-8.0-bin\ca5e32bp14vu59qr306oxotwh\gradle-8.0\lib\gradle-launcher-8.0.jar
Launcher Type: SUN_STANDARD

[Global flags]
     intx CICompilerCount                          = 4                                         {product} {ergonomic}
     uint ConcGCThreads                            = 3                                         {product} {ergonomic}
     uint G1ConcRefinementThreads                  = 10                                        {product} {ergonomic}
   size_t G1HeapRegionSize                         = 1048576                                   {product} {ergonomic}
    uintx GCDrainStackTargetSize                   = 64                                        {product} {ergonomic}
   size_t InitialHeapSize                          = 132120576                                 {product} {ergonomic}
   size_t MarkStackSize                            = 4194304                                   {product} {ergonomic}
   size_t MaxHeapSize                              = 2147483648                                {product} {command line}
   size_t MaxNewSize                               = 1287651328                                {product} {ergonomic}
   size_t MinHeapDeltaBytes                        = 1048576                                   {product} {ergonomic}
   size_t MinHeapSize                              = 8388608                                   {product} {ergonomic}
    uintx NonNMethodCodeHeapSize                   = 5839372                                {pd product} {ergonomic}
    uintx NonProfiledCodeHeapSize                  = 122909434                              {pd product} {ergonomic}
    uintx ProfiledCodeHeapSize                     = 122909434                              {pd product} {ergonomic}
    uintx ReservedCodeCacheSize                    = 251658240                              {pd product} {ergonomic}
     bool SegmentedCodeCache                       = true                                      {product} {ergonomic}
   size_t SoftMaxHeapSize                          = 2147483648                             {manageable} {ergonomic}
     bool UseCompressedClassPointers               = true                           {product lp64_product} {ergonomic}
     bool UseCompressedOops                        = true                           {product lp64_product} {ergonomic}
     bool UseG1GC                                  = true                                      {product} {ergonomic}
     bool UseLargePagesIndividualAllocation        = false                                  {pd product} {ergonomic}

Logging:
Log output configuration:
 #0: stdout all=warning uptime,level,tags
 #1: stderr all=off uptime,level,tags

Environment Variables:
PATH=C:\Program Files\Common Files\Oracle\Java\javapath;C:\Windows\system32;C:\Windows;C:\Windows\System32\Wbem;C:\Windows\System32\WindowsPowerShell\v1.0\;C:\Windows\System32\OpenSSH\;C:\Program Files (x86)\NVIDIA Corporation\PhysX\Common;C:\Program Files\NVIDIA Corporation\NVIDIA NvDLISR;C:\Windows\system32;C:\Windows;C:\Windows\System32\Wbem;C:\Windows\System32\WindowsPowerShell\v1.0\;C:\Windows\System32\OpenSSH\;C:\Program Files (x86)\dotnet\;D:\Git\cmd;C:\Program Files\nodejs\;C:\Program Files\Cloudflare\Cloudflare WARP\;C:\Users\Phuon\AppData\Local\Programs\Python\Python310\Scripts\;C:\Users\Phuon\AppData\Local\Programs\Python\Python310\;C:\Users\Phuon\AppData\Local\Microsoft\WindowsApps;C:\MinGW\bin;C:\Users\Phuon\AppData\Local\Programs\Microsoft VS Code\bin;D:\PyCharm Community Edition 2022.3.2\bin;;C:\Users\Phuon\AppData\Local\Programs\Python\Python310;C:\Program Files\Java\jdk-20\bin;C:\Users\Phuon\AppData\Roaming\npm
USERNAME=Phuon
OS=Windows_NT
PROCESSOR_IDENTIFIER=AMD64 Family 23 Model 96 Stepping 1, AuthenticAMD
TMP=C:\Users\Phuon\AppData\Local\Temp
TEMP=C:\Users\Phuon\AppData\Local\Temp


JNI global refs:
JNI global refs: 24, weak refs: 0

JNI global refs memory usage: 843, weak refs: 841


---------------  S Y S T E M  ---------------

OS:
 Windows 11 , 64 bit Build 22621 (10.0.22621.2215)
OS uptime: 6 days 18:08 hours
Hyper-V role detected

CPU: total 12 (initial active 12) (12 cores per cpu, 2 threads per core) family 23 model 96 stepping 1 microcode 0x0, cx8, cmov, fxsr, ht, mmx, 3dnowpref, sse, sse2, sse3, ssse3, sse4a, sse4.1, sse4.2, popcnt, lzcnt, tsc, tscinvbit, avx, avx2, aes, clmul, bmi1, bmi2, adx, sha, fma, vzeroupper, clflush, clflushopt, hv

Memory: 4k page, system-wide physical 8061M (65M free)
TotalPageFile size 31152M (AvailPageFile size 0M)
current process WorkingSet (physical memory assigned to process): 172M, peak: 208M
current process commit charge ("private bytes"): 252M, peak: 265M

vm_info: OpenJDK 64-Bit Server VM (17.0.6+0-b2043.56-10027231) for windows-amd64 JRE (17.0.6+0-b2043.56-10027231), built on Apr 28 2023 00:43:19 by "androidbuild" with MS VC++ 16.10 / 16.11 (VS2019)

END.
